<?xml version="1.0" encoding="UTF-8"?>
<!-- Generated by org.testng.reporters.JUnitReportReporter -->
<testsuite hostname="DESKTOP-DALC184" failures="0" tests="1" name="TestCases.TC_001_ProductSearchTest" time="1.394" errors="0" timestamp="2025-04-07T14:05:16 IST" skipped="0">
  <testcase classname="TestCases.TC_001_ProductSearchTest" name="searchTest" time="1.394"/>
</testsuite> <!-- TestCases.TC_001_ProductSearchTest -->
